
> frontend@0.1.0 start
> react-scripts start

Starting the development server...

(node:24082) [DEP_WEBPACK_DEV_SERVER_ON_AFTER_SETUP_MIDDLEWARE] DeprecationWarning: 'onAfterSetupMiddleware' option is deprecated. Please use the 'setupMiddlewares' option.
(Use `node --trace-deprecation ...` to show where the warning was created)
(node:24082) [DEP_WEBPACK_DEV_SERVER_ON_BEFORE_SETUP_MIDDLEWARE] DeprecationWarning: 'onBeforeSetupMiddleware' option is deprecated. Please use the 'setupMiddlewares' option.
Compiled successfully!

You can now view frontend in the browser.

  Local:            http://localhost:3000
  On Your Network:  http://192.168.0.62:3000

Note that the development build is not optimized.
To create a production build, use npm run build.

webpack compiled successfully

> frontend@0.1.0 start
> react-scripts start

Starting the development server...

(node:24121) [DEP_WEBPACK_DEV_SERVER_ON_AFTER_SETUP_MIDDLEWARE] DeprecationWarning: 'onAfterSetupMiddleware' option is deprecated. Please use the 'setupMiddlewares' option.
(Use `node --trace-deprecation ...` to show where the warning was created)
(node:24121) [DEP_WEBPACK_DEV_SERVER_ON_BEFORE_SETUP_MIDDLEWARE] DeprecationWarning: 'onBeforeSetupMiddleware' option is deprecated. Please use the 'setupMiddlewares' option.
Compiled successfully!

You can now view frontend in the browser.

  Local:            http://localhost:3000
  On Your Network:  http://192.168.0.62:3000

Note that the development build is not optimized.
To create a production build, use npm run build.

webpack compiled successfully

> frontend@0.1.0 start
> react-scripts start

Starting the development server...

(node:24698) [DEP_WEBPACK_DEV_SERVER_ON_AFTER_SETUP_MIDDLEWARE] DeprecationWarning: 'onAfterSetupMiddleware' option is deprecated. Please use the 'setupMiddlewares' option.
(Use `node --trace-deprecation ...` to show where the warning was created)
(node:24698) [DEP_WEBPACK_DEV_SERVER_ON_BEFORE_SETUP_MIDDLEWARE] DeprecationWarning: 'onBeforeSetupMiddleware' option is deprecated. Please use the 'setupMiddlewares' option.
Compiled successfully!

You can now view frontend in the browser.

  Local:            http://localhost:3000
  On Your Network:  http://192.168.0.62:3000

Note that the development build is not optimized.
To create a production build, use npm run build.

webpack compiled successfully

> frontend@0.1.0 start
> react-scripts start

Starting the development server...

(node:24754) [DEP_WEBPACK_DEV_SERVER_ON_AFTER_SETUP_MIDDLEWARE] DeprecationWarning: 'onAfterSetupMiddleware' option is deprecated. Please use the 'setupMiddlewares' option.
(Use `node --trace-deprecation ...` to show where the warning was created)
(node:24754) [DEP_WEBPACK_DEV_SERVER_ON_BEFORE_SETUP_MIDDLEWARE] DeprecationWarning: 'onBeforeSetupMiddleware' option is deprecated. Please use the 'setupMiddlewares' option.
Compiled successfully!

You can now view frontend in the browser.

  Local:            http://localhost:3000
  On Your Network:  http://192.168.0.62:3000

Note that the development build is not optimized.
To create a production build, use npm run build.

webpack compiled successfully

> frontend@0.1.0 start
> react-scripts start

Starting the development server...

(node:24826) [DEP_WEBPACK_DEV_SERVER_ON_AFTER_SETUP_MIDDLEWARE] DeprecationWarning: 'onAfterSetupMiddleware' option is deprecated. Please use the 'setupMiddlewares' option.
(Use `node --trace-deprecation ...` to show where the warning was created)
(node:24826) [DEP_WEBPACK_DEV_SERVER_ON_BEFORE_SETUP_MIDDLEWARE] DeprecationWarning: 'onBeforeSetupMiddleware' option is deprecated. Please use the 'setupMiddlewares' option.
Compiled successfully!

You can now view frontend in the browser.

  Local:            http://localhost:3000
  On Your Network:  http://192.168.0.62:3000

Note that the development build is not optimized.
To create a production build, use npm run build.

webpack compiled successfully
Compiling...
Compiling...
Compiling...
Compiling...
Compiled successfully!
webpack compiled successfully
Compiled successfully!
webpack compiled successfully
Compiled successfully!
webpack compiled successfully
Compiled successfully!
webpack compiled successfully
Compiling...
Compiling...
Compiling...
Compiling...
Compiled with warnings.

[eslint] 
src/App.js
  Line 10:20:  'get' is defined but never used              no-unused-vars
  Line 11:13:  'result' is assigned a value but never used  no-unused-vars

Search for the keywords to learn more about each warning.
To ignore, add // eslint-disable-next-line to the line before.

WARNING in [eslint] 
src/App.js
  Line 10:20:  'get' is defined but never used              no-unused-vars
  Line 11:13:  'result' is assigned a value but never used  no-unused-vars

webpack compiled with 1 warning
Compiled with warnings.

[eslint] 
src/App.js
  Line 10:20:  'get' is defined but never used              no-unused-vars
  Line 11:13:  'result' is assigned a value but never used  no-unused-vars

Search for the keywords to learn more about each warning.
To ignore, add // eslint-disable-next-line to the line before.

Compiled with warnings.

[eslint] 
src/App.js
  Line 10:20:  'get' is defined but never used              no-unused-vars
  Line 11:13:  'result' is assigned a value but never used  no-unused-vars

Search for the keywords to learn more about each warning.
To ignore, add // eslint-disable-next-line to the line before.

WARNING in [eslint] 
src/App.js
  Line 10:20:  'get' is defined but never used              no-unused-vars
  Line 11:13:  'result' is assigned a value but never used  no-unused-vars

webpack compiled with 1 warning
WARNING in [eslint] 
src/App.js
  Line 10:20:  'get' is defined but never used              no-unused-vars
  Line 11:13:  'result' is assigned a value but never used  no-unused-vars

webpack compiled with 1 warning
Compiled with warnings.

[eslint] 
src/App.js
  Line 10:20:  'get' is defined but never used              no-unused-vars
  Line 11:13:  'result' is assigned a value but never used  no-unused-vars

Search for the keywords to learn more about each warning.
To ignore, add // eslint-disable-next-line to the line before.

WARNING in [eslint] 
src/App.js
  Line 10:20:  'get' is defined but never used              no-unused-vars
  Line 11:13:  'result' is assigned a value but never used  no-unused-vars

webpack compiled with 1 warning
Compiling...
Compiling...
Compiling...
Compiling...
Compiled with warnings.

[eslint] 
src/App.js
  Line 11:13:  'result' is assigned a value but never used  no-unused-vars

Search for the keywords to learn more about each warning.
To ignore, add // eslint-disable-next-line to the line before.

WARNING in [eslint] 
src/App.js
  Line 11:13:  'result' is assigned a value but never used  no-unused-vars

webpack compiled with 1 warning
Compiled with warnings.

[eslint] 
src/App.js
  Line 11:13:  'result' is assigned a value but never used  no-unused-vars

Search for the keywords to learn more about each warning.
To ignore, add // eslint-disable-next-line to the line before.

WARNING in [eslint] 
src/App.js
  Line 11:13:  'result' is assigned a value but never used  no-unused-vars

webpack compiled with 1 warning
Compiled with warnings.

[eslint] 
src/App.js
  Line 11:13:  'result' is assigned a value but never used  no-unused-vars

Search for the keywords to learn more about each warning.
To ignore, add // eslint-disable-next-line to the line before.

WARNING in [eslint] 
src/App.js
  Line 11:13:  'result' is assigned a value but never used  no-unused-vars

webpack compiled with 1 warning
Compiled with warnings.

[eslint] 
src/App.js
  Line 11:13:  'result' is assigned a value but never used  no-unused-vars

Search for the keywords to learn more about each warning.
To ignore, add // eslint-disable-next-line to the line before.

WARNING in [eslint] 
src/App.js
  Line 11:13:  'result' is assigned a value but never used  no-unused-vars

webpack compiled with 1 warning
Compiling...
Compiling...
Compiling...
Compiling...
Compiled with warnings.

[eslint] 
src/App.js
  Line 11:13:  'result' is assigned a value but never used  no-unused-vars

Search for the keywords to learn more about each warning.
To ignore, add // eslint-disable-next-line to the line before.

WARNING in [eslint] 
src/App.js
  Line 11:13:  'result' is assigned a value but never used  no-unused-vars

webpack compiled with 1 warning
Compiled with warnings.

[eslint] 
src/App.js
  Line 11:13:  'result' is assigned a value but never used  no-unused-vars

Search for the keywords to learn more about each warning.
To ignore, add // eslint-disable-next-line to the line before.

WARNING in [eslint] 
src/App.js
  Line 11:13:  'result' is assigned a value but never used  no-unused-vars

webpack compiled with 1 warning
Compiled with warnings.

[eslint] 
src/App.js
  Line 11:13:  'result' is assigned a value but never used  no-unused-vars

Search for the keywords to learn more about each warning.
To ignore, add // eslint-disable-next-line to the line before.

WARNING in [eslint] 
src/App.js
  Line 11:13:  'result' is assigned a value but never used  no-unused-vars

webpack compiled with 1 warning
Compiled with warnings.

[eslint] 
src/App.js
  Line 11:13:  'result' is assigned a value but never used  no-unused-vars

Search for the keywords to learn more about each warning.
To ignore, add // eslint-disable-next-line to the line before.

WARNING in [eslint] 
src/App.js
  Line 11:13:  'result' is assigned a value but never used  no-unused-vars

webpack compiled with 1 warning
Compiling...
Compiling...
Compiling...
Compiling...
Compiled successfully!
Compiled successfully!
webpack compiled successfully
Compiled successfully!
webpack compiled successfully
Compiled successfully!
webpack compiled successfully
webpack compiled successfully
Compiling...
Compiling...
Compiling...
Compiling...
Compiled with warnings.

[eslint] 
src/App.js
  Line 11:13:  'result' is assigned a value but never used  no-unused-vars

Search for the keywords to learn more about each warning.
To ignore, add // eslint-disable-next-line to the line before.

WARNING in [eslint] 
src/App.js
  Line 11:13:  'result' is assigned a value but never used  no-unused-vars

webpack compiled with 1 warning
Compiled with warnings.

[eslint] 
src/App.js
  Line 11:13:  'result' is assigned a value but never used  no-unused-vars

Search for the keywords to learn more about each warning.
To ignore, add // eslint-disable-next-line to the line before.

WARNING in [eslint] 
src/App.js
  Line 11:13:  'result' is assigned a value but never used  no-unused-vars

webpack compiled with 1 warning
Compiled with warnings.

[eslint] 
src/App.js
  Line 11:13:  'result' is assigned a value but never used  no-unused-vars

Search for the keywords to learn more about each warning.
To ignore, add // eslint-disable-next-line to the line before.

WARNING in [eslint] 
src/App.js
  Line 11:13:  'result' is assigned a value but never used  no-unused-vars

webpack compiled with 1 warning
Compiled with warnings.

[eslint] 
src/App.js
  Line 11:13:  'result' is assigned a value but never used  no-unused-vars

Search for the keywords to learn more about each warning.
To ignore, add // eslint-disable-next-line to the line before.

WARNING in [eslint] 
src/App.js
  Line 11:13:  'result' is assigned a value but never used  no-unused-vars

webpack compiled with 1 warning
Compiling...
Compiling...
Compiling...
Compiling...
Compiled with warnings.

[eslint] 
src/App.js
  Line 11:13:  'result' is assigned a value but never used  no-unused-vars

Search for the keywords to learn more about each warning.
To ignore, add // eslint-disable-next-line to the line before.

WARNING in [eslint] 
src/App.js
  Line 11:13:  'result' is assigned a value but never used  no-unused-vars

webpack compiled with 1 warning
Compiled with warnings.

[eslint] 
src/App.js
  Line 11:13:  'result' is assigned a value but never used  no-unused-vars

Search for the keywords to learn more about each warning.
To ignore, add // eslint-disable-next-line to the line before.

Compiled with warnings.

[eslint] 
src/App.js
  Line 11:13:  'result' is assigned a value but never used  no-unused-vars

Search for the keywords to learn more about each warning.
To ignore, add // eslint-disable-next-line to the line before.

WARNING in [eslint] 
src/App.js
  Line 11:13:  'result' is assigned a value but never used  no-unused-vars

webpack compiled with 1 warning
WARNING in [eslint] 
src/App.js
  Line 11:13:  'result' is assigned a value but never used  no-unused-vars

webpack compiled with 1 warning
Compiled with warnings.

[eslint] 
src/App.js
  Line 11:13:  'result' is assigned a value but never used  no-unused-vars

Search for the keywords to learn more about each warning.
To ignore, add // eslint-disable-next-line to the line before.

WARNING in [eslint] 
src/App.js
  Line 11:13:  'result' is assigned a value but never used  no-unused-vars

webpack compiled with 1 warning
Compiling...
Compiling...
Compiling...
Compiling...
Compiled successfully!
webpack compiled successfully
Compiled successfully!
webpack compiled successfully
Compiled successfully!
Compiled successfully!
webpack compiled successfully
webpack compiled successfully
Compiling...
Compiling...
Compiling...
Compiling...
Compiled successfully!
webpack compiled successfully
Compiled successfully!
webpack compiled successfully
Compiled successfully!
webpack compiled successfully
Compiled successfully!
webpack compiled successfully
Compiling...
Compiling...
Compiling...
Compiling...
Compiled successfully!
webpack compiled successfully
Compiled successfully!
webpack compiled successfully
Compiled successfully!
webpack compiled successfully
Compiled successfully!
webpack compiled successfully
Compiling...
Compiling...
Compiling...
Compiling...
Compiled with warnings.

[eslint] 
src/App.js
  Line 7:10:  'data' is assigned a value but never used  no-unused-vars

Search for the keywords to learn more about each warning.
To ignore, add // eslint-disable-next-line to the line before.

WARNING in [eslint] 
src/App.js
  Line 7:10:  'data' is assigned a value but never used  no-unused-vars

webpack compiled with 1 warning
Compiled with warnings.

[eslint] 
src/App.js
  Line 7:10:  'data' is assigned a value but never used  no-unused-vars

Search for the keywords to learn more about each warning.
To ignore, add // eslint-disable-next-line to the line before.

WARNING in [eslint] 
src/App.js
  Line 7:10:  'data' is assigned a value but never used  no-unused-vars

webpack compiled with 1 warning
Compiled with warnings.

[eslint] 
src/App.js
  Line 7:10:  'data' is assigned a value but never used  no-unused-vars

Search for the keywords to learn more about each warning.
To ignore, add // eslint-disable-next-line to the line before.

WARNING in [eslint] 
src/App.js
  Line 7:10:  'data' is assigned a value but never used  no-unused-vars

webpack compiled with 1 warning
Compiled with warnings.

[eslint] 
src/App.js
  Line 7:10:  'data' is assigned a value but never used  no-unused-vars

Search for the keywords to learn more about each warning.
To ignore, add // eslint-disable-next-line to the line before.

WARNING in [eslint] 
src/App.js
  Line 7:10:  'data' is assigned a value but never used  no-unused-vars

webpack compiled with 1 warning
Compiling...
Compiling...
Compiling...
Compiling...
Compiled successfully!
webpack compiled successfully
Compiled successfully!
webpack compiled successfully
Compiled successfully!
webpack compiled successfully
Compiled successfully!
webpack compiled successfully
Compiling...
Compiling...
Compiling...
Compiling...
Failed to compile.

[eslint] 
src/App.js
  Line 19:7:  'result' is not defined  no-undef

Search for the keywords to learn more about each error.
ERROR in [eslint] 
src/App.js
  Line 19:7:  'result' is not defined  no-undef

Search for the keywords to learn more about each error.

webpack compiled with 1 error
Failed to compile.

[eslint] 
src/App.js
  Line 19:7:  'result' is not defined  no-undef

Search for the keywords to learn more about each error.
Failed to compile.

[eslint] 
src/App.js
  Line 19:7:  'result' is not defined  no-undef

Search for the keywords to learn more about each error.
ERROR in [eslint] 
src/App.js
  Line 19:7:  'result' is not defined  no-undef

Search for the keywords to learn more about each error.

webpack compiled with 1 error
Failed to compile.

[eslint] 
src/App.js
  Line 19:7:  'result' is not defined  no-undef

Search for the keywords to learn more about each error.
ERROR in [eslint] 
src/App.js
  Line 19:7:  'result' is not defined  no-undef

Search for the keywords to learn more about each error.

webpack compiled with 1 error
ERROR in [eslint] 
src/App.js
  Line 19:7:  'result' is not defined  no-undef

Search for the keywords to learn more about each error.

webpack compiled with 1 error
Compiling...
Compiling...
Compiling...
Compiling...
Compiled successfully!
webpack compiled successfully
Compiled successfully!
webpack compiled successfully
Compiled successfully!
webpack compiled successfully
Compiled successfully!
webpack compiled successfully
Compiling...
Compiling...
Compiling...
Compiling...
Compiled successfully!
webpack compiled successfully
Compiled successfully!
webpack compiled successfully
Compiled successfully!
webpack compiled successfully
Compiled successfully!
webpack compiled successfully
Compiling...
Compiling...
Compiling...
Compiling...
Compiled successfully!
webpack compiled successfully
Compiled successfully!
webpack compiled successfully
Compiled successfully!
webpack compiled successfully
Compiled successfully!
webpack compiled successfully
Compiling...
Compiling...
Compiling...
Compiling...
Compiled successfully!
webpack compiled successfully
Compiled successfully!
webpack compiled successfully
Compiled successfully!
webpack compiled successfully
Compiled successfully!
webpack compiled successfully
Compiling...
Compiling...
Compiling...
Compiling...
Compiled successfully!
webpack compiled successfully
Compiled successfully!
webpack compiled successfully
Compiled successfully!
webpack compiled successfully
Compiled successfully!
webpack compiled successfully
Compiling...
Compiling...
Compiling...
Compiling...
Compiled successfully!
webpack compiled successfully
Compiled successfully!
webpack compiled successfully
Compiled successfully!
webpack compiled successfully
Compiled successfully!
webpack compiled successfully
Compiling...
Compiling...
Compiling...
Compiling...
Compiled successfully!
webpack compiled successfully
Compiled successfully!
webpack compiled successfully
Compiled successfully!
webpack compiled successfully
Compiled successfully!
webpack compiled successfully
Compiling...
Compiling...
Compiling...
Compiling...
Compiled successfully!
webpack compiled successfully
Compiled successfully!
webpack compiled successfully
Compiled successfully!
webpack compiled successfully
Compiled successfully!
webpack compiled successfully
Compiling...
Compiling...
Compiling...
Compiling...
Compiled successfully!
webpack compiled successfully
Compiled successfully!
webpack compiled successfully
Compiled successfully!
webpack compiled successfully
Compiled successfully!
webpack compiled successfully
Compiling...
Compiling...
Compiling...
Compiling...
Compiled with warnings.

[eslint] 
src/App.js
  Line 7:10:  'data' is assigned a value but never used  no-unused-vars

Search for the keywords to learn more about each warning.
To ignore, add // eslint-disable-next-line to the line before.

WARNING in [eslint] 
src/App.js
  Line 7:10:  'data' is assigned a value but never used  no-unused-vars

webpack compiled with 1 warning
Compiled with warnings.

[eslint] 
src/App.js
  Line 7:10:  'data' is assigned a value but never used  no-unused-vars

Search for the keywords to learn more about each warning.
To ignore, add // eslint-disable-next-line to the line before.

WARNING in [eslint] 
src/App.js
  Line 7:10:  'data' is assigned a value but never used  no-unused-vars

webpack compiled with 1 warning
Compiled with warnings.

[eslint] 
src/App.js
  Line 7:10:  'data' is assigned a value but never used  no-unused-vars

Search for the keywords to learn more about each warning.
To ignore, add // eslint-disable-next-line to the line before.

WARNING in [eslint] 
src/App.js
  Line 7:10:  'data' is assigned a value but never used  no-unused-vars

webpack compiled with 1 warning
Compiled with warnings.

[eslint] 
src/App.js
  Line 7:10:  'data' is assigned a value but never used  no-unused-vars

Search for the keywords to learn more about each warning.
To ignore, add // eslint-disable-next-line to the line before.

WARNING in [eslint] 
src/App.js
  Line 7:10:  'data' is assigned a value but never used  no-unused-vars

webpack compiled with 1 warning
Compiling...
Compiling...
Compiling...
Compiling...
Compiled successfully!
webpack compiled successfully
Compiled successfully!
webpack compiled successfully
Compiled successfully!
webpack compiled successfully
Compiled successfully!
webpack compiled successfully
Compiling...
Compiling...
Compiling...
Compiling...
Compiled successfully!
webpack compiled successfully
Compiled successfully!
webpack compiled successfully
Compiled successfully!
Compiled successfully!
webpack compiled successfully
webpack compiled successfully
Compiling...
Compiling...
Compiling...
Compiling...
Compiled successfully!
webpack compiled successfully
Compiled successfully!
webpack compiled successfully
Compiled successfully!
webpack compiled successfully
Compiled successfully!
webpack compiled successfully
